<?xml version="1.0" encoding="UTF-8"?>
<testsuite xmlns:xsi="http://www.w3.org/2001/XMLSchema-instance" xsi:noNamespaceSchemaLocation="https://maven.apache.org/surefire/maven-surefire-plugin/xsd/surefire-test-report-3.0.xsd" version="3.0" name="TestSuite" time="252.626" tests="4" errors="0" skipped="0" failures="4">
  <properties>
    <property name="sun.desktop" value="windows"/>
    <property name="awt.toolkit" value="sun.awt.windows.WToolkit"/>
    <property name="file.encoding.pkg" value="sun.io"/>
    <property name="java.specification.version" value="1.8"/>
    <property name="sun.cpu.isalist" value="amd64"/>
    <property name="sun.jnu.encoding" value="Cp1252"/>
    <property name="java.class.path" value="F:\HindawiQasaed\target\test-classes;F:\HindawiQasaed\target\classes;C:\Users\lenov\.m2\repository\org\seleniumhq\selenium\selenium-java\3.141.59\selenium-java-3.141.59.jar;C:\Users\lenov\.m2\repository\org\seleniumhq\selenium\selenium-api\3.141.59\selenium-api-3.141.59.jar;C:\Users\lenov\.m2\repository\org\seleniumhq\selenium\selenium-chrome-driver\3.141.59\selenium-chrome-driver-3.141.59.jar;C:\Users\lenov\.m2\repository\org\seleniumhq\selenium\selenium-edge-driver\3.141.59\selenium-edge-driver-3.141.59.jar;C:\Users\lenov\.m2\repository\org\seleniumhq\selenium\selenium-firefox-driver\3.141.59\selenium-firefox-driver-3.141.59.jar;C:\Users\lenov\.m2\repository\org\seleniumhq\selenium\selenium-ie-driver\3.141.59\selenium-ie-driver-3.141.59.jar;C:\Users\lenov\.m2\repository\org\seleniumhq\selenium\selenium-opera-driver\3.141.59\selenium-opera-driver-3.141.59.jar;C:\Users\lenov\.m2\repository\org\seleniumhq\selenium\selenium-remote-driver\3.141.59\selenium-remote-driver-3.141.59.jar;C:\Users\lenov\.m2\repository\org\seleniumhq\selenium\selenium-safari-driver\3.141.59\selenium-safari-driver-3.141.59.jar;C:\Users\lenov\.m2\repository\org\seleniumhq\selenium\selenium-support\3.141.59\selenium-support-3.141.59.jar;C:\Users\lenov\.m2\repository\net\bytebuddy\byte-buddy\1.8.15\byte-buddy-1.8.15.jar;C:\Users\lenov\.m2\repository\org\apache\commons\commons-exec\1.3\commons-exec-1.3.jar;C:\Users\lenov\.m2\repository\com\google\guava\guava\25.0-jre\guava-25.0-jre.jar;C:\Users\lenov\.m2\repository\com\google\code\findbugs\jsr305\1.3.9\jsr305-1.3.9.jar;C:\Users\lenov\.m2\repository\org\checkerframework\checker-compat-qual\2.0.0\checker-compat-qual-2.0.0.jar;C:\Users\lenov\.m2\repository\com\google\errorprone\error_prone_annotations\2.1.3\error_prone_annotations-2.1.3.jar;C:\Users\lenov\.m2\repository\com\google\j2objc\j2objc-annotations\1.1\j2objc-annotations-1.1.jar;C:\Users\lenov\.m2\repository\org\codehaus\mojo\animal-sniffer-annotations\1.14\animal-sniffer-annotations-1.14.jar;C:\Users\lenov\.m2\repository\com\squareup\okhttp3\okhttp\3.11.0\okhttp-3.11.0.jar;C:\Users\lenov\.m2\repository\com\squareup\okio\okio\1.14.0\okio-1.14.0.jar;C:\Users\lenov\.m2\repository\io\appium\java-client\7.3.0\java-client-7.3.0.jar;C:\Users\lenov\.m2\repository\com\google\code\gson\gson\2.8.5\gson-2.8.5.jar;C:\Users\lenov\.m2\repository\org\apache\httpcomponents\httpclient\4.5.9\httpclient-4.5.9.jar;C:\Users\lenov\.m2\repository\org\apache\httpcomponents\httpcore\4.4.11\httpcore-4.4.11.jar;C:\Users\lenov\.m2\repository\commons-logging\commons-logging\1.2\commons-logging-1.2.jar;C:\Users\lenov\.m2\repository\commons-codec\commons-codec\1.11\commons-codec-1.11.jar;C:\Users\lenov\.m2\repository\cglib\cglib\3.2.12\cglib-3.2.12.jar;C:\Users\lenov\.m2\repository\org\ow2\asm\asm\7.1\asm-7.1.jar;C:\Users\lenov\.m2\repository\commons-validator\commons-validator\1.6\commons-validator-1.6.jar;C:\Users\lenov\.m2\repository\commons-beanutils\commons-beanutils\1.9.2\commons-beanutils-1.9.2.jar;C:\Users\lenov\.m2\repository\commons-digester\commons-digester\1.8.1\commons-digester-1.8.1.jar;C:\Users\lenov\.m2\repository\commons-collections\commons-collections\3.2.2\commons-collections-3.2.2.jar;C:\Users\lenov\.m2\repository\org\apache\commons\commons-lang3\3.9\commons-lang3-3.9.jar;C:\Users\lenov\.m2\repository\commons-io\commons-io\2.6\commons-io-2.6.jar;C:\Users\lenov\.m2\repository\org\springframework\spring-context\5.1.8.RELEASE\spring-context-5.1.8.RELEASE.jar;C:\Users\lenov\.m2\repository\org\springframework\spring-aop\5.1.8.RELEASE\spring-aop-5.1.8.RELEASE.jar;C:\Users\lenov\.m2\repository\org\springframework\spring-beans\5.1.8.RELEASE\spring-beans-5.1.8.RELEASE.jar;C:\Users\lenov\.m2\repository\org\springframework\spring-core\5.1.8.RELEASE\spring-core-5.1.8.RELEASE.jar;C:\Users\lenov\.m2\repository\org\springframework\spring-jcl\5.1.8.RELEASE\spring-jcl-5.1.8.RELEASE.jar;C:\Users\lenov\.m2\repository\org\springframework\spring-expression\5.1.8.RELEASE\spring-expression-5.1.8.RELEASE.jar;C:\Users\lenov\.m2\repository\org\aspectj\aspectjweaver\1.9.4\aspectjweaver-1.9.4.jar;C:\Users\lenov\.m2\repository\org\slf4j\slf4j-api\1.7.26\slf4j-api-1.7.26.jar;C:\Users\lenov\.m2\repository\org\testng\testng\7.1.0\testng-7.1.0.jar;C:\Users\lenov\.m2\repository\com\beust\jcommander\1.72\jcommander-1.72.jar;C:\Users\lenov\.m2\repository\com\google\inject\guice\4.1.0\guice-4.1.0-no_aop.jar;C:\Users\lenov\.m2\repository\javax\inject\javax.inject\1\javax.inject-1.jar;C:\Users\lenov\.m2\repository\aopalliance\aopalliance\1.0\aopalliance-1.0.jar;C:\Users\lenov\.m2\repository\org\yaml\snakeyaml\1.21\snakeyaml-1.21.jar;C:\Users\lenov\.m2\repository\io\rest-assured\rest-assured\4.3.3\rest-assured-4.3.3.jar;C:\Users\lenov\.m2\repository\org\codehaus\groovy\groovy\3.0.7\groovy-3.0.7.jar;C:\Users\lenov\.m2\repository\org\codehaus\groovy\groovy-xml\3.0.7\groovy-xml-3.0.7.jar;C:\Users\lenov\.m2\repository\org\apache\httpcomponents\httpmime\4.5.3\httpmime-4.5.3.jar;C:\Users\lenov\.m2\repository\org\hamcrest\hamcrest\2.1\hamcrest-2.1.jar;C:\Users\lenov\.m2\repository\org\ccil\cowan\tagsoup\tagsoup\1.2.1\tagsoup-1.2.1.jar;C:\Users\lenov\.m2\repository\io\rest-assured\json-path\4.3.3\json-path-4.3.3.jar;C:\Users\lenov\.m2\repository\org\codehaus\groovy\groovy-json\3.0.7\groovy-json-3.0.7.jar;C:\Users\lenov\.m2\repository\io\rest-assured\rest-assured-common\4.3.3\rest-assured-common-4.3.3.jar;C:\Users\lenov\.m2\repository\io\rest-assured\xml-path\4.3.3\xml-path-4.3.3.jar;C:\Users\lenov\.m2\repository\jakarta\xml\bind\jakarta.xml.bind-api\2.3.3\jakarta.xml.bind-api-2.3.3.jar;C:\Users\lenov\.m2\repository\jakarta\activation\jakarta.activation-api\1.2.2\jakarta.activation-api-1.2.2.jar;C:\Users\lenov\.m2\repository\com\sun\xml\bind\jaxb-impl\2.3.3\jaxb-impl-2.3.3.jar;C:\Users\lenov\.m2\repository\com\applitools\eyes-appium-java3\3.200.0-beta\eyes-appium-java3-3.200.0-beta.jar;C:\Users\lenov\.m2\repository\com\applitools\eyes-selenium-common-java3\3.200.0-beta\eyes-selenium-common-java3-3.200.0-beta.jar;C:\Users\lenov\.m2\repository\com\applitools\eyes-sdk-core-java3\3.200.0-beta\eyes-sdk-core-java3-3.200.0-beta.jar;C:\Users\lenov\.m2\repository\com\applitools\eyes-ufg-java3\3.200.0-beta\eyes-ufg-java3-3.200.0-beta.jar;C:\Users\lenov\.m2\repository\com\applitools\eyes-connectivity-java3\3.200.0-beta\eyes-connectivity-java3-3.200.0-beta.jar;C:\Users\lenov\.m2\repository\net\sourceforge\cssparser\cssparser\0.9.27\cssparser-0.9.27.jar;C:\Users\lenov\.m2\repository\org\w3c\css\sac\1.3\sac-1.3.jar;C:\Users\lenov\.m2\repository\com\applitools\eyes-connectivity-java3-jersey2x\3.200.0-beta\eyes-connectivity-java3-jersey2x-3.200.0-beta.jar;C:\Users\lenov\.m2\repository\com\applitools\eyes-common-java3\3.200.0-beta\eyes-common-java3-3.200.0-beta.jar;C:\Users\lenov\.m2\repository\org\imgscalr\imgscalr-lib\4.2\imgscalr-lib-4.2.jar;C:\Users\lenov\.m2\repository\org\brotli\dec\0.1.1\dec-0.1.1.jar;C:\Users\lenov\.m2\repository\com\fasterxml\jackson\core\jackson-databind\2.11.0\jackson-databind-2.11.0.jar;C:\Users\lenov\.m2\repository\com\fasterxml\jackson\core\jackson-annotations\2.11.0\jackson-annotations-2.11.0.jar;C:\Users\lenov\.m2\repository\com\fasterxml\jackson\core\jackson-core\2.11.0\jackson-core-2.11.0.jar;C:\Users\lenov\.m2\repository\com\helger\ph-css\6.1.1\ph-css-6.1.1.jar;C:\Users\lenov\.m2\repository\com\helger\ph-commons\9.0.2\ph-commons-9.0.2.jar;C:\Users\lenov\.m2\repository\org\jsoup\jsoup\1.8.3\jsoup-1.8.3.jar;C:\Users\lenov\.m2\repository\org\glassfish\jersey\connectors\jersey-apache-connector\2.29\jersey-apache-connector-2.29.jar;C:\Users\lenov\.m2\repository\org\glassfish\jersey\core\jersey-common\2.29\jersey-common-2.29.jar;C:\Users\lenov\.m2\repository\jakarta\annotation\jakarta.annotation-api\1.3.4\jakarta.annotation-api-1.3.4.jar;C:\Users\lenov\.m2\repository\org\glassfish\hk2\osgi-resource-locator\1.0.3\osgi-resource-locator-1.0.3.jar;C:\Users\lenov\.m2\repository\jakarta\ws\rs\jakarta.ws.rs-api\2.1.5\jakarta.ws.rs-api-2.1.5.jar;C:\Users\lenov\.m2\repository\org\glassfish\jersey\core\jersey-client\2.29\jersey-client-2.29.jar;C:\Users\lenov\.m2\repository\org\glassfish\hk2\external\jakarta.inject\2.5.0\jakarta.inject-2.5.0.jar;C:\Users\lenov\.m2\repository\org\glassfish\jersey\inject\jersey-hk2\2.29\jersey-hk2-2.29.jar;C:\Users\lenov\.m2\repository\org\glassfish\hk2\hk2-locator\2.5.0\hk2-locator-2.5.0.jar;C:\Users\lenov\.m2\repository\org\glassfish\hk2\external\aopalliance-repackaged\2.5.0\aopalliance-repackaged-2.5.0.jar;C:\Users\lenov\.m2\repository\org\glassfish\hk2\hk2-api\2.5.0\hk2-api-2.5.0.jar;C:\Users\lenov\.m2\repository\org\glassfish\hk2\hk2-utils\2.5.0\hk2-utils-2.5.0.jar;C:\Users\lenov\.m2\repository\org\javassist\javassist\3.22.0-CR2\javassist-3.22.0-CR2.jar;C:\Users\lenov\.m2\repository\javax\activation\activation\1.1.1\activation-1.1.1.jar;C:\Users\lenov\.m2\repository\org\assertj\assertj-core\3.19.0\assertj-core-3.19.0.jar;"/>
    <property name="java.vm.vendor" value="Oracle Corporation"/>
    <property name="sun.arch.data.model" value="64"/>
    <property name="user.variant" value=""/>
    <property name="java.vendor.url" value="http://java.oracle.com/"/>
    <property name="user.timezone" value="Africa/Cairo"/>
    <property name="java.vm.specification.version" value="1.8"/>
    <property name="os.name" value="Windows 10"/>
    <property name="user.country" value="US"/>
    <property name="sun.java.launcher" value="SUN_STANDARD"/>
    <property name="sun.boot.library.path" value="C:\Program Files\Java\jdk1.8.0_221\jre\bin"/>
    <property name="sun.java.command" value="C:\Users\lenov\AppData\Local\Temp\surefire8407309818663177138\surefirebooter8642144843598177599.jar C:\Users\lenov\AppData\Local\Temp\surefire8407309818663177138 2021-04-26T01-13-37_000-jvmRun1 surefire2516154147546515128tmp surefire_05656426745910744167tmp"/>
    <property name="surefire.test.class.path" value="F:\HindawiQasaed\target\test-classes;F:\HindawiQasaed\target\classes;C:\Users\lenov\.m2\repository\org\seleniumhq\selenium\selenium-java\3.141.59\selenium-java-3.141.59.jar;C:\Users\lenov\.m2\repository\org\seleniumhq\selenium\selenium-api\3.141.59\selenium-api-3.141.59.jar;C:\Users\lenov\.m2\repository\org\seleniumhq\selenium\selenium-chrome-driver\3.141.59\selenium-chrome-driver-3.141.59.jar;C:\Users\lenov\.m2\repository\org\seleniumhq\selenium\selenium-edge-driver\3.141.59\selenium-edge-driver-3.141.59.jar;C:\Users\lenov\.m2\repository\org\seleniumhq\selenium\selenium-firefox-driver\3.141.59\selenium-firefox-driver-3.141.59.jar;C:\Users\lenov\.m2\repository\org\seleniumhq\selenium\selenium-ie-driver\3.141.59\selenium-ie-driver-3.141.59.jar;C:\Users\lenov\.m2\repository\org\seleniumhq\selenium\selenium-opera-driver\3.141.59\selenium-opera-driver-3.141.59.jar;C:\Users\lenov\.m2\repository\org\seleniumhq\selenium\selenium-remote-driver\3.141.59\selenium-remote-driver-3.141.59.jar;C:\Users\lenov\.m2\repository\org\seleniumhq\selenium\selenium-safari-driver\3.141.59\selenium-safari-driver-3.141.59.jar;C:\Users\lenov\.m2\repository\org\seleniumhq\selenium\selenium-support\3.141.59\selenium-support-3.141.59.jar;C:\Users\lenov\.m2\repository\net\bytebuddy\byte-buddy\1.8.15\byte-buddy-1.8.15.jar;C:\Users\lenov\.m2\repository\org\apache\commons\commons-exec\1.3\commons-exec-1.3.jar;C:\Users\lenov\.m2\repository\com\google\guava\guava\25.0-jre\guava-25.0-jre.jar;C:\Users\lenov\.m2\repository\com\google\code\findbugs\jsr305\1.3.9\jsr305-1.3.9.jar;C:\Users\lenov\.m2\repository\org\checkerframework\checker-compat-qual\2.0.0\checker-compat-qual-2.0.0.jar;C:\Users\lenov\.m2\repository\com\google\errorprone\error_prone_annotations\2.1.3\error_prone_annotations-2.1.3.jar;C:\Users\lenov\.m2\repository\com\google\j2objc\j2objc-annotations\1.1\j2objc-annotations-1.1.jar;C:\Users\lenov\.m2\repository\org\codehaus\mojo\animal-sniffer-annotations\1.14\animal-sniffer-annotations-1.14.jar;C:\Users\lenov\.m2\repository\com\squareup\okhttp3\okhttp\3.11.0\okhttp-3.11.0.jar;C:\Users\lenov\.m2\repository\com\squareup\okio\okio\1.14.0\okio-1.14.0.jar;C:\Users\lenov\.m2\repository\io\appium\java-client\7.3.0\java-client-7.3.0.jar;C:\Users\lenov\.m2\repository\com\google\code\gson\gson\2.8.5\gson-2.8.5.jar;C:\Users\lenov\.m2\repository\org\apache\httpcomponents\httpclient\4.5.9\httpclient-4.5.9.jar;C:\Users\lenov\.m2\repository\org\apache\httpcomponents\httpcore\4.4.11\httpcore-4.4.11.jar;C:\Users\lenov\.m2\repository\commons-logging\commons-logging\1.2\commons-logging-1.2.jar;C:\Users\lenov\.m2\repository\commons-codec\commons-codec\1.11\commons-codec-1.11.jar;C:\Users\lenov\.m2\repository\cglib\cglib\3.2.12\cglib-3.2.12.jar;C:\Users\lenov\.m2\repository\org\ow2\asm\asm\7.1\asm-7.1.jar;C:\Users\lenov\.m2\repository\commons-validator\commons-validator\1.6\commons-validator-1.6.jar;C:\Users\lenov\.m2\repository\commons-beanutils\commons-beanutils\1.9.2\commons-beanutils-1.9.2.jar;C:\Users\lenov\.m2\repository\commons-digester\commons-digester\1.8.1\commons-digester-1.8.1.jar;C:\Users\lenov\.m2\repository\commons-collections\commons-collections\3.2.2\commons-collections-3.2.2.jar;C:\Users\lenov\.m2\repository\org\apache\commons\commons-lang3\3.9\commons-lang3-3.9.jar;C:\Users\lenov\.m2\repository\commons-io\commons-io\2.6\commons-io-2.6.jar;C:\Users\lenov\.m2\repository\org\springframework\spring-context\5.1.8.RELEASE\spring-context-5.1.8.RELEASE.jar;C:\Users\lenov\.m2\repository\org\springframework\spring-aop\5.1.8.RELEASE\spring-aop-5.1.8.RELEASE.jar;C:\Users\lenov\.m2\repository\org\springframework\spring-beans\5.1.8.RELEASE\spring-beans-5.1.8.RELEASE.jar;C:\Users\lenov\.m2\repository\org\springframework\spring-core\5.1.8.RELEASE\spring-core-5.1.8.RELEASE.jar;C:\Users\lenov\.m2\repository\org\springframework\spring-jcl\5.1.8.RELEASE\spring-jcl-5.1.8.RELEASE.jar;C:\Users\lenov\.m2\repository\org\springframework\spring-expression\5.1.8.RELEASE\spring-expression-5.1.8.RELEASE.jar;C:\Users\lenov\.m2\repository\org\aspectj\aspectjweaver\1.9.4\aspectjweaver-1.9.4.jar;C:\Users\lenov\.m2\repository\org\slf4j\slf4j-api\1.7.26\slf4j-api-1.7.26.jar;C:\Users\lenov\.m2\repository\org\testng\testng\7.1.0\testng-7.1.0.jar;C:\Users\lenov\.m2\repository\com\beust\jcommander\1.72\jcommander-1.72.jar;C:\Users\lenov\.m2\repository\com\google\inject\guice\4.1.0\guice-4.1.0-no_aop.jar;C:\Users\lenov\.m2\repository\javax\inject\javax.inject\1\javax.inject-1.jar;C:\Users\lenov\.m2\repository\aopalliance\aopalliance\1.0\aopalliance-1.0.jar;C:\Users\lenov\.m2\repository\org\yaml\snakeyaml\1.21\snakeyaml-1.21.jar;C:\Users\lenov\.m2\repository\io\rest-assured\rest-assured\4.3.3\rest-assured-4.3.3.jar;C:\Users\lenov\.m2\repository\org\codehaus\groovy\groovy\3.0.7\groovy-3.0.7.jar;C:\Users\lenov\.m2\repository\org\codehaus\groovy\groovy-xml\3.0.7\groovy-xml-3.0.7.jar;C:\Users\lenov\.m2\repository\org\apache\httpcomponents\httpmime\4.5.3\httpmime-4.5.3.jar;C:\Users\lenov\.m2\repository\org\hamcrest\hamcrest\2.1\hamcrest-2.1.jar;C:\Users\lenov\.m2\repository\org\ccil\cowan\tagsoup\tagsoup\1.2.1\tagsoup-1.2.1.jar;C:\Users\lenov\.m2\repository\io\rest-assured\json-path\4.3.3\json-path-4.3.3.jar;C:\Users\lenov\.m2\repository\org\codehaus\groovy\groovy-json\3.0.7\groovy-json-3.0.7.jar;C:\Users\lenov\.m2\repository\io\rest-assured\rest-assured-common\4.3.3\rest-assured-common-4.3.3.jar;C:\Users\lenov\.m2\repository\io\rest-assured\xml-path\4.3.3\xml-path-4.3.3.jar;C:\Users\lenov\.m2\repository\jakarta\xml\bind\jakarta.xml.bind-api\2.3.3\jakarta.xml.bind-api-2.3.3.jar;C:\Users\lenov\.m2\repository\jakarta\activation\jakarta.activation-api\1.2.2\jakarta.activation-api-1.2.2.jar;C:\Users\lenov\.m2\repository\com\sun\xml\bind\jaxb-impl\2.3.3\jaxb-impl-2.3.3.jar;C:\Users\lenov\.m2\repository\com\applitools\eyes-appium-java3\3.200.0-beta\eyes-appium-java3-3.200.0-beta.jar;C:\Users\lenov\.m2\repository\com\applitools\eyes-selenium-common-java3\3.200.0-beta\eyes-selenium-common-java3-3.200.0-beta.jar;C:\Users\lenov\.m2\repository\com\applitools\eyes-sdk-core-java3\3.200.0-beta\eyes-sdk-core-java3-3.200.0-beta.jar;C:\Users\lenov\.m2\repository\com\applitools\eyes-ufg-java3\3.200.0-beta\eyes-ufg-java3-3.200.0-beta.jar;C:\Users\lenov\.m2\repository\com\applitools\eyes-connectivity-java3\3.200.0-beta\eyes-connectivity-java3-3.200.0-beta.jar;C:\Users\lenov\.m2\repository\net\sourceforge\cssparser\cssparser\0.9.27\cssparser-0.9.27.jar;C:\Users\lenov\.m2\repository\org\w3c\css\sac\1.3\sac-1.3.jar;C:\Users\lenov\.m2\repository\com\applitools\eyes-connectivity-java3-jersey2x\3.200.0-beta\eyes-connectivity-java3-jersey2x-3.200.0-beta.jar;C:\Users\lenov\.m2\repository\com\applitools\eyes-common-java3\3.200.0-beta\eyes-common-java3-3.200.0-beta.jar;C:\Users\lenov\.m2\repository\org\imgscalr\imgscalr-lib\4.2\imgscalr-lib-4.2.jar;C:\Users\lenov\.m2\repository\org\brotli\dec\0.1.1\dec-0.1.1.jar;C:\Users\lenov\.m2\repository\com\fasterxml\jackson\core\jackson-databind\2.11.0\jackson-databind-2.11.0.jar;C:\Users\lenov\.m2\repository\com\fasterxml\jackson\core\jackson-annotations\2.11.0\jackson-annotations-2.11.0.jar;C:\Users\lenov\.m2\repository\com\fasterxml\jackson\core\jackson-core\2.11.0\jackson-core-2.11.0.jar;C:\Users\lenov\.m2\repository\com\helger\ph-css\6.1.1\ph-css-6.1.1.jar;C:\Users\lenov\.m2\repository\com\helger\ph-commons\9.0.2\ph-commons-9.0.2.jar;C:\Users\lenov\.m2\repository\org\jsoup\jsoup\1.8.3\jsoup-1.8.3.jar;C:\Users\lenov\.m2\repository\org\glassfish\jersey\connectors\jersey-apache-connector\2.29\jersey-apache-connector-2.29.jar;C:\Users\lenov\.m2\repository\org\glassfish\jersey\core\jersey-common\2.29\jersey-common-2.29.jar;C:\Users\lenov\.m2\repository\jakarta\annotation\jakarta.annotation-api\1.3.4\jakarta.annotation-api-1.3.4.jar;C:\Users\lenov\.m2\repository\org\glassfish\hk2\osgi-resource-locator\1.0.3\osgi-resource-locator-1.0.3.jar;C:\Users\lenov\.m2\repository\jakarta\ws\rs\jakarta.ws.rs-api\2.1.5\jakarta.ws.rs-api-2.1.5.jar;C:\Users\lenov\.m2\repository\org\glassfish\jersey\core\jersey-client\2.29\jersey-client-2.29.jar;C:\Users\lenov\.m2\repository\org\glassfish\hk2\external\jakarta.inject\2.5.0\jakarta.inject-2.5.0.jar;C:\Users\lenov\.m2\repository\org\glassfish\jersey\inject\jersey-hk2\2.29\jersey-hk2-2.29.jar;C:\Users\lenov\.m2\repository\org\glassfish\hk2\hk2-locator\2.5.0\hk2-locator-2.5.0.jar;C:\Users\lenov\.m2\repository\org\glassfish\hk2\external\aopalliance-repackaged\2.5.0\aopalliance-repackaged-2.5.0.jar;C:\Users\lenov\.m2\repository\org\glassfish\hk2\hk2-api\2.5.0\hk2-api-2.5.0.jar;C:\Users\lenov\.m2\repository\org\glassfish\hk2\hk2-utils\2.5.0\hk2-utils-2.5.0.jar;C:\Users\lenov\.m2\repository\org\javassist\javassist\3.22.0-CR2\javassist-3.22.0-CR2.jar;C:\Users\lenov\.m2\repository\javax\activation\activation\1.1.1\activation-1.1.1.jar;C:\Users\lenov\.m2\repository\org\assertj\assertj-core\3.19.0\assertj-core-3.19.0.jar;"/>
    <property name="sun.cpu.endian" value="little"/>
    <property name="user.home" value="C:\Users\lenov"/>
    <property name="user.language" value="en"/>
    <property name="java.specification.vendor" value="Oracle Corporation"/>
    <property name="java.home" value="C:\Program Files\Java\jdk1.8.0_221\jre"/>
    <property name="basedir" value="F:\HindawiQasaed"/>
    <property name="file.separator" value="\"/>
    <property name="line.separator" value="&#10;"/>
    <property name="java.vm.specification.vendor" value="Oracle Corporation"/>
    <property name="java.specification.name" value="Java Platform API Specification"/>
    <property name="java.awt.graphicsenv" value="sun.awt.Win32GraphicsEnvironment"/>
    <property name="surefire.real.class.path" value="C:\Users\lenov\AppData\Local\Temp\surefire8407309818663177138\surefirebooter8642144843598177599.jar"/>
    <property name="sun.boot.class.path" value="C:\Program Files\Java\jdk1.8.0_221\jre\lib\resources.jar;C:\Program Files\Java\jdk1.8.0_221\jre\lib\rt.jar;C:\Program Files\Java\jdk1.8.0_221\jre\lib\sunrsasign.jar;C:\Program Files\Java\jdk1.8.0_221\jre\lib\jsse.jar;C:\Program Files\Java\jdk1.8.0_221\jre\lib\jce.jar;C:\Program Files\Java\jdk1.8.0_221\jre\lib\charsets.jar;C:\Program Files\Java\jdk1.8.0_221\jre\lib\jfr.jar;C:\Program Files\Java\jdk1.8.0_221\jre\classes"/>
    <property name="user.script" value=""/>
    <property name="sun.management.compiler" value="HotSpot 64-Bit Tiered Compilers"/>
    <property name="java.runtime.version" value="1.8.0_221-b11"/>
    <property name="user.name" value="Fakher Yasser"/>
    <property name="path.separator" value=";"/>
    <property name="os.version" value="10.0"/>
    <property name="java.endorsed.dirs" value="C:\Program Files\Java\jdk1.8.0_221\jre\lib\endorsed"/>
    <property name="java.runtime.name" value="Java(TM) SE Runtime Environment"/>
    <property name="file.encoding" value="Cp1252"/>
    <property name="java.vm.name" value="Java HotSpot(TM) 64-Bit Server VM"/>
    <property name="localRepository" value="C:\Users\lenov\.m2\repository"/>
    <property name="java.vendor.url.bug" value="http://bugreport.sun.com/bugreport/"/>
    <property name="java.io.tmpdir" value="C:\Users\lenov\AppData\Local\Temp\"/>
    <property name="java.version" value="1.8.0_221"/>
    <property name="user.dir" value="F:\HindawiQasaed"/>
    <property name="os.arch" value="amd64"/>
    <property name="java.vm.specification.name" value="Java Virtual Machine Specification"/>
    <property name="java.awt.printerjob" value="sun.awt.windows.WPrinterJob"/>
    <property name="sun.os.patch.level" value=""/>
    <property name="java.library.path" value="C:\Program Files\Java\jdk1.8.0_221\jre\bin;C:\WINDOWS\Sun\Java\bin;C:\WINDOWS\system32;C:\WINDOWS;C:\Program Files (x86)\Common Files\Oracle\Java\javapath;C:\Program Files\Common Files\Oracle\Java\javapath;C:\Windows\system32;C:\Windows;C:\Windows\System32\Wbem;C:\Windows\System32\WindowsPowerShell\v1.0\;C:\Windows\System32\OpenSSH\;C:\Program Files (x86)\NVIDIA Corporation\PhysX\Common;C:\Program Files\NVIDIA Corporation\NVIDIA NvDLISR;C:\WINDOWS\system32;C:\WINDOWS;C:\WINDOWS\System32\Wbem;C:\WINDOWS\System32\WindowsPowerShell\v1.0\;C:\WINDOWS\System32\OpenSSH\;C:\Program Files\Java\jdk1.8.0_221\bin;C:\Users\lenov\AppData\Local\Android\Sdk\tools\bin;C:\Users\lenov\AppData\Local\Android\Sdk\tools;C:\Users\lenov\AppData\Local\Android\Sdk\platform-tools;C:\Program Files\nodejs\;C:\Program Files\nodejs\node_modules\npm\bin;C:\Program Files\Git\cmd;C:\Program Files (x86)\CMake\bin;F:\apache-maven-3.8.1-bin\apache-maven-3.8.1\bin;C:\Users\lenov\.windows-build-tools\python27\;C:\Users\lenov\AppData\Local\Microsoft\WindowsApps;C:\Users\lenov\AppData\Roaming\npm;."/>
    <property name="java.vm.info" value="mixed mode"/>
    <property name="java.vendor" value="Oracle Corporation"/>
    <property name="java.vm.version" value="25.221-b11"/>
    <property name="java.ext.dirs" value="C:\Program Files\Java\jdk1.8.0_221\jre\lib\ext;C:\WINDOWS\Sun\Java\lib\ext"/>
    <property name="sun.io.unicode.encoding" value="UnicodeLittle"/>
    <property name="java.class.version" value="52.0"/>
  </properties>
  <testcase name="verifyAboutPoemOpensBottomSheetSuccessfully" classname="appTests.AboutPoemPageTest" time="50.7">
    <failure message="Expected condition failed: waiting for presence of element located by: By.xpath: //android.widget.TextView[@text=&apos;Ù‡Ù†Ø¯Ø§ÙˆÙŠ Ù‚ØµØ§Ø¦Ø¯&apos;] (tried for 50 second(s) with 1000 milliseconds interval)" type="org.openqa.selenium.TimeoutException"><![CDATA[org.openqa.selenium.TimeoutException: Expected condition failed: waiting for presence of element located by: By.xpath: //android.widget.TextView[@text='Ù‡Ù†Ø¯Ø§ÙˆÙŠ Ù‚ØµØ§Ø¦Ø¯'] (tried for 50 second(s) with 1000 milliseconds interval)
	at appTests.AboutPoemPageTest.verifyAboutPoemOpensBottomSheetSuccessfully(AboutPoemPageTest.java:31)
Caused by: org.openqa.selenium.NoSuchElementException: 
An element could not be located on the page using the given search parameters.
For documentation on this error, please visit: https://www.seleniumhq.org/exceptions/no_such_element.html
Build info: version: '3.141.59', revision: 'e82be7d358', time: '2018-11-14T08:17:03'
System info: host: 'LAPTOP-KNRI3NA5', ip: '192.168.1.105', os.name: 'Windows 10', os.arch: 'amd64', os.version: '10.0', java.version: '1.8.0_221'
Driver info: io.appium.java_client.android.AndroidDriver
Capabilities {appActivity: com.nagwa.poems.ui.main.Spl..., appPackage: com.nagwa.poems, autoGrantPermissions: true, automationName: UiAutomator2, databaseEnabled: false, desired: {appActivity: com.nagwa.poems.ui.main.Spl..., appPackage: com.nagwa.poems, autoGrantPermissions: true, automationName: UiAutomator2, deviceName: Android Emulator, platformName: android}, deviceApiLevel: 26, deviceManufacturer: HUAWEI, deviceModel: BAH2-L09, deviceName: KMSNU20625103963, deviceScreenDensity: 320, deviceScreenSize: 1200x1920, deviceUDID: KMSNU20625103963, javascriptEnabled: true, locationContextEnabled: false, networkConnectionEnabled: true, pixelRatio: 2, platform: LINUX, platformName: Android, platformVersion: 8.0.0, statBarHeight: 48, takesScreenshot: true, viewportRect: {height: 1804, left: 0, top: 48, width: 1200}, warnings: {}, webStorageEnabled: false}
Session ID: 7ec3c3c1-7b1d-470f-a5a1-3cac775beef4
*** Element info: {Using=xpath, value=//android.widget.TextView[@text='Ù‡Ù†Ø¯Ø§ÙˆÙŠ Ù‚ØµØ§Ø¦Ø¯']}
	at appTests.AboutPoemPageTest.verifyAboutPoemOpensBottomSheetSuccessfully(AboutPoemPageTest.java:31)
]]></failure>
    <system-err><![CDATA[Apr 26, 2021 1:13:55 AM io.appium.java_client.remote.AppiumCommandExecutor$1 lambda$0
INFO: Detected dialect: W3C
]]></system-err>
  </testcase>
  <testcase name="verifyPoemHintSectionAppearsSuccessfully" classname="appTests.AboutPoemPageTest" time="50.33">
    <failure message="Expected condition failed: waiting for presence of element located by: By.xpath: //android.widget.TextView[@text=&apos;Ù‡Ù†Ø¯Ø§ÙˆÙŠ Ù‚ØµØ§Ø¦Ø¯&apos;] (tried for 50 second(s) with 1000 milliseconds interval)" type="org.openqa.selenium.TimeoutException"><![CDATA[org.openqa.selenium.TimeoutException: Expected condition failed: waiting for presence of element located by: By.xpath: //android.widget.TextView[@text='Ù‡Ù†Ø¯Ø§ÙˆÙŠ Ù‚ØµØ§Ø¦Ø¯'] (tried for 50 second(s) with 1000 milliseconds interval)
	at appTests.AboutPoemPageTest.verifyPoemHintSectionAppearsSuccessfully(AboutPoemPageTest.java:56)
Caused by: org.openqa.selenium.NoSuchElementException: 
An element could not be located on the page using the given search parameters.
For documentation on this error, please visit: https://www.seleniumhq.org/exceptions/no_such_element.html
Build info: version: '3.141.59', revision: 'e82be7d358', time: '2018-11-14T08:17:03'
System info: host: 'LAPTOP-KNRI3NA5', ip: '192.168.1.105', os.name: 'Windows 10', os.arch: 'amd64', os.version: '10.0', java.version: '1.8.0_221'
Driver info: io.appium.java_client.android.AndroidDriver
Capabilities {appActivity: com.nagwa.poems.ui.main.Spl..., appPackage: com.nagwa.poems, autoGrantPermissions: true, automationName: UiAutomator2, databaseEnabled: false, desired: {appActivity: com.nagwa.poems.ui.main.Spl..., appPackage: com.nagwa.poems, autoGrantPermissions: true, automationName: UiAutomator2, deviceName: Android Emulator, platformName: android}, deviceApiLevel: 26, deviceManufacturer: HUAWEI, deviceModel: BAH2-L09, deviceName: KMSNU20625103963, deviceScreenDensity: 320, deviceScreenSize: 1200x1920, deviceUDID: KMSNU20625103963, javascriptEnabled: true, locationContextEnabled: false, networkConnectionEnabled: true, pixelRatio: 2, platform: LINUX, platformName: Android, platformVersion: 8.0.0, statBarHeight: 48, takesScreenshot: true, viewportRect: {height: 1804, left: 0, top: 48, width: 1200}, warnings: {}, webStorageEnabled: false}
Session ID: 7ec3c3c1-7b1d-470f-a5a1-3cac775beef4
*** Element info: {Using=xpath, value=//android.widget.TextView[@text='Ù‡Ù†Ø¯Ø§ÙˆÙŠ Ù‚ØµØ§Ø¦Ø¯']}
	at appTests.AboutPoemPageTest.verifyPoemHintSectionAppearsSuccessfully(AboutPoemPageTest.java:56)
]]></failure>
  </testcase>
  <testcase name="verifyPoetHintSectionAppearsSuccessfully" classname="appTests.AboutPoemPageTest" time="50.233">
    <failure message="Expected condition failed: waiting for presence of element located by: By.xpath: //android.widget.TextView[@text=&apos;Ù‡Ù†Ø¯Ø§ÙˆÙŠ Ù‚ØµØ§Ø¦Ø¯&apos;] (tried for 50 second(s) with 1000 milliseconds interval)" type="org.openqa.selenium.TimeoutException"><![CDATA[org.openqa.selenium.TimeoutException: Expected condition failed: waiting for presence of element located by: By.xpath: //android.widget.TextView[@text='Ù‡Ù†Ø¯Ø§ÙˆÙŠ Ù‚ØµØ§Ø¦Ø¯'] (tried for 50 second(s) with 1000 milliseconds interval)
	at appTests.AboutPoemPageTest.verifyPoetHintSectionAppearsSuccessfully(AboutPoemPageTest.java:82)
Caused by: org.openqa.selenium.NoSuchElementException: 
An element could not be located on the page using the given search parameters.
For documentation on this error, please visit: https://www.seleniumhq.org/exceptions/no_such_element.html
Build info: version: '3.141.59', revision: 'e82be7d358', time: '2018-11-14T08:17:03'
System info: host: 'LAPTOP-KNRI3NA5', ip: '192.168.1.105', os.name: 'Windows 10', os.arch: 'amd64', os.version: '10.0', java.version: '1.8.0_221'
Driver info: io.appium.java_client.android.AndroidDriver
Capabilities {appActivity: com.nagwa.poems.ui.main.Spl..., appPackage: com.nagwa.poems, autoGrantPermissions: true, automationName: UiAutomator2, databaseEnabled: false, desired: {appActivity: com.nagwa.poems.ui.main.Spl..., appPackage: com.nagwa.poems, autoGrantPermissions: true, automationName: UiAutomator2, deviceName: Android Emulator, platformName: android}, deviceApiLevel: 26, deviceManufacturer: HUAWEI, deviceModel: BAH2-L09, deviceName: KMSNU20625103963, deviceScreenDensity: 320, deviceScreenSize: 1200x1920, deviceUDID: KMSNU20625103963, javascriptEnabled: true, locationContextEnabled: false, networkConnectionEnabled: true, pixelRatio: 2, platform: LINUX, platformName: Android, platformVersion: 8.0.0, statBarHeight: 48, takesScreenshot: true, viewportRect: {height: 1804, left: 0, top: 48, width: 1200}, warnings: {}, webStorageEnabled: false}
Session ID: 7ec3c3c1-7b1d-470f-a5a1-3cac775beef4
*** Element info: {Using=xpath, value=//android.widget.TextView[@text='Ù‡Ù†Ø¯Ø§ÙˆÙŠ Ù‚ØµØ§Ø¦Ø¯']}
	at appTests.AboutPoemPageTest.verifyPoetHintSectionAppearsSuccessfully(AboutPoemPageTest.java:82)
]]></failure>
  </testcase>
  <testcase name="verifyUserCanCloseAboutPoemSuccessfully" classname="appTests.AboutPoemPageTest" time="51.075">
    <failure message="Expected condition failed: waiting for presence of element located by: By.xpath: //android.widget.TextView[@text=&apos;Ù‡Ù†Ø¯Ø§ÙˆÙŠ Ù‚ØµØ§Ø¦Ø¯&apos;] (tried for 50 second(s) with 1000 milliseconds interval)" type="org.openqa.selenium.TimeoutException"><![CDATA[org.openqa.selenium.TimeoutException: Expected condition failed: waiting for presence of element located by: By.xpath: //android.widget.TextView[@text='Ù‡Ù†Ø¯Ø§ÙˆÙŠ Ù‚ØµØ§Ø¦Ø¯'] (tried for 50 second(s) with 1000 milliseconds interval)
	at appTests.AboutPoemPageTest.verifyUserCanCloseAboutPoemSuccessfully(AboutPoemPageTest.java:107)
Caused by: org.openqa.selenium.NoSuchElementException: 
An element could not be located on the page using the given search parameters.
For documentation on this error, please visit: https://www.seleniumhq.org/exceptions/no_such_element.html
Build info: version: '3.141.59', revision: 'e82be7d358', time: '2018-11-14T08:17:03'
System info: host: 'LAPTOP-KNRI3NA5', ip: '192.168.1.105', os.name: 'Windows 10', os.arch: 'amd64', os.version: '10.0', java.version: '1.8.0_221'
Driver info: io.appium.java_client.android.AndroidDriver
Capabilities {appActivity: com.nagwa.poems.ui.main.Spl..., appPackage: com.nagwa.poems, autoGrantPermissions: true, automationName: UiAutomator2, databaseEnabled: false, desired: {appActivity: com.nagwa.poems.ui.main.Spl..., appPackage: com.nagwa.poems, autoGrantPermissions: true, automationName: UiAutomator2, deviceName: Android Emulator, platformName: android}, deviceApiLevel: 26, deviceManufacturer: HUAWEI, deviceModel: BAH2-L09, deviceName: KMSNU20625103963, deviceScreenDensity: 320, deviceScreenSize: 1200x1920, deviceUDID: KMSNU20625103963, javascriptEnabled: true, locationContextEnabled: false, networkConnectionEnabled: true, pixelRatio: 2, platform: LINUX, platformName: Android, platformVersion: 8.0.0, statBarHeight: 48, takesScreenshot: true, viewportRect: {height: 1804, left: 0, top: 48, width: 1200}, warnings: {}, webStorageEnabled: false}
Session ID: 7ec3c3c1-7b1d-470f-a5a1-3cac775beef4
*** Element info: {Using=xpath, value=//android.widget.TextView[@text='Ù‡Ù†Ø¯Ø§ÙˆÙŠ Ù‚ØµØ§Ø¦Ø¯']}
	at appTests.AboutPoemPageTest.verifyUserCanCloseAboutPoemSuccessfully(AboutPoemPageTest.java:107)
]]></failure>
  </testcase>
</testsuite>